<?xml version="1.0" encoding="utf-8"?><testsuites><testsuite name="pytest" errors="0" failures="0" skipped="0" tests="33" time="6.770" timestamp="2025-09-25T21:37:08.192971" hostname="158c5d704f48"><testcase classname="app.tests.test_api" name="test_health_check_multiple_times[0]" time="0.020" /><testcase classname="app.tests.test_api" name="test_health_check_multiple_times[1]" time="0.016" /><testcase classname="app.tests.test_api" name="test_health_check_multiple_times[2]" time="0.016" /><testcase classname="app.tests.test_api" name="test_health_check_multiple_times[3]" time="0.017" /><testcase classname="app.tests.test_api" name="test_health_check_multiple_times[4]" time="0.018" /><testcase classname="app.tests.test_api" name="test_health_check_multiple_times[5]" time="0.020" /><testcase classname="app.tests.test_api" name="test_health_check_multiple_times[6]" time="0.020" /><testcase classname="app.tests.test_api" name="test_health_check_multiple_times[7]" time="0.018" /><testcase classname="app.tests.test_api" name="test_health_check_multiple_times[8]" time="0.028" /><testcase classname="app.tests.test_api" name="test_health_check_multiple_times[9]" time="0.017" /><testcase classname="app.tests.test_graph_api" name="test_graph_query_endpoint" time="0.057" /><testcase classname="app.tests.test_ingest_integration.TestMemOSIntegrationEndpoints" name="test_memory_storage_endpoint" time="0.343" /><testcase classname="app.tests.test_ingest_integration.TestMemOSIntegrationEndpoints" name="test_memory_retrieval_endpoint" time="0.054" /><testcase classname="app.tests.test_ingest_integration.TestMemOSIntegrationEndpoints" name="test_memory_search_endpoint" time="0.073" /><testcase classname="app.tests.test_ingest_integration.TestMemOSIntegrationEndpoints" name="test_tiered_memory_storage" time="0.043" /><testcase classname="app.tests.test_ingest_integration.TestMemOSHealthForIntegration" name="test_health_check_detailed" time="0.011" /><testcase classname="app.tests.test_ingest_integration" name="test_memOS_ready_for_integration" time="0.223" /><testcase classname="app.tests.test_integration" name="test_health_check" time="0.010" /><testcase classname="app.tests.test_integration" name="test_tool_registration" time="0.013" /><testcase classname="app.tests.test_integration" name="test_memory_store" time="0.093" /><testcase classname="app.tests.test_integration" name="test_memory_query" time="0.118" /><testcase classname="app.tests.test_integration" name="test_end_to_end_flow" time="0.098" /><testcase classname="app.tests.test_neo4j_client" name="test_neo4j_connection" time="0.014" /><testcase classname="app.tests.test_neo4j_client" name="test_create_and_get_concept_node" time="0.048" /><testcase classname="app.tests.test_neo4j_client" name="test_create_relationship" time="0.120" /><testcase classname="app.tests.test_simple" name="test_simple_assert" time="0.000" /><testcase classname="app.tests.test_tiered_storage" name="test_store_memory_tier1" time="0.019" /><testcase classname="app.tests.test_tiered_storage" name="test_store_memory_tier2" time="0.069" /><testcase classname="app.tests.test_tiered_storage" name="test_store_memory_tier3" time="0.139" /><testcase classname="libs.apexsigma-core.tests.test_models" name="test_agent_persona" time="0.009" /><testcase classname="libs.apexsigma-core.tests.test_models" name="test_task" time="0.001" /><testcase classname="libs.apexsigma-core.tests.test_utils" name="test_settings" time="0.119" /><testcase classname="libs.apexsigma-core.tests.test_utils" name="test_get_logger" time="0.017" /></testsuite></testsuites>